[2023-11-05T21:40:36.782Z] info: docker.yaml was copied to the config folder
[2023-11-05T21:40:36.787Z] info: services.yaml was copied to the config folder
[2023-11-05T21:40:36.802Z] info: bookmarks.yaml was copied to the config folder
[2023-11-05T21:40:36.819Z] info: widgets.yaml was copied to the config folder
[2023-11-05T21:40:36.821Z] info: custom.css was copied to the config folder
[2023-11-05T21:40:36.823Z] info: custom.js was copied to the config folder
[2023-11-05T21:40:37.114Z] info: kubernetes.yaml was copied to the config folder
[2023-11-05T21:59:50.215Z] error: Failed to load widgets, please check widgets.yaml for errors or remove example entries.
[2023-11-05T21:59:50.219Z] error: duplicated mapping key (9:5)

  6 |     cpu: true
  7 |     memory: true
  8 |     disk: /
  9 |     disk: /dev/sda1
----------^
 10 | 
 11 | 
[2023-11-05T21:59:50.597Z] error: Failed to load widgets, please check widgets.yaml for errors or remove example entries.
[2023-11-05T21:59:50.598Z] error: duplicated mapping key (9:5)

  6 |     cpu: true
  7 |     memory: true
  8 |     disk: /
  9 |     disk: /dev/sda1
----------^
 10 | 
 11 | 
[2023-11-05T21:59:50.744Z] error: Failed to load widgets, please check widgets.yaml for errors or remove example entries.
[2023-11-05T21:59:50.745Z] error: duplicated mapping key (9:5)

  6 |     cpu: true
  7 |     memory: true
  8 |     disk: /
  9 |     disk: /dev/sda1
----------^
 10 | 
 11 | 
[2023-11-05T21:59:51.194Z] error: Failed to load widgets, please check widgets.yaml for errors or remove example entries.
[2023-11-05T21:59:51.196Z] error: duplicated mapping key (9:5)

  6 |     cpu: true
  7 |     memory: true
  8 |     disk: /
  9 |     disk: /dev/sda1
----------^
 10 | 
 11 | 
[2023-11-05T22:14:38.504Z] error: Failed to load services.yaml, please check for errors
[2023-11-05T22:14:38.509Z] error: YAMLException: bad indentation of a mapping entry (11:35)

  8 |         description: ...
  9 |         icon: /env/appdata/homepage/icons/npm.png
 10 |     - Reolink:
 11 |         href: http://192.168.7.***:
----------------------------------------^
 12 |         description: ... ...
 13 |         icon: /env/appdata/homepage/icons/reo.png
[2023-11-05T22:14:38.528Z] error: Failed to load services.yaml, please check for errors
[2023-11-05T22:14:38.529Z] error: YAMLException: bad indentation of a mapping entry (11:35)

  8 |         description: ...
  9 |         icon: /env/appdata/homepage/icons/npm.png
 10 |     - Reolink:
 11 |         href: http://192.168.7.***:
----------------------------------------^
 12 |         description: ... ...
 13 |         icon: /env/appdata/homepage/icons/reo.png
[2023-11-05T22:14:39.179Z] error: Failed to load services.yaml, please check for errors
[2023-11-05T22:14:39.180Z] error: YAMLException: bad indentation of a mapping entry (11:35)

  8 |         description: ...
  9 |         icon: /env/appdata/homepage/icons/npm.png
 10 |     - Reolink:
 11 |         href: http://192.168.7.***:
----------------------------------------^
 12 |         description: ... ...
 13 |         icon: /env/appdata/homepage/icons/reo.png
